clients/android/NewsBlur/build/outputs/mapping/release/mapping.txt
# compiler: R8
# compiler_version: 1.4.94
# min_api: 21
com.newsblur.R$styleable -> com.newsblur.R$styleable:
    1634:2241:void <clinit>() -> <clinit>
com.newsblur.activity.ActivityDetailsPagerAdapter -> com.newsblur.activity.ActivityDetailsPagerAdapter:
    24:31:void <init>(android.support.v4.app.FragmentManager,com.newsblur.activity.Profile) -> <init>
    37:39:android.support.v4.app.Fragment getItem(int) -> getItem
    50:54:java.lang.CharSequence getPageTitle(int) -> getPageTitle
    59:60:void setUser(com.newsblur.domain.UserDetails) -> setUser
com.newsblur.activity.AddFacebook -> com.newsblur.activity.AddFacebook:
    11:11:void <init>() -> <init>
    18:39:void onCreate(android.os.Bundle) -> onCreate
com.newsblur.activity.AddFacebook$1 -> com.newsblur.activity.AddFacebook$1:
    24:24:void <init>(com.newsblur.activity.AddFacebook) -> <init>
    29:34:boolean shouldOverrideUrlLoading(android.webkit.WebView,java.lang.String) -> shouldOverrideUrlLoading
com.newsblur.activity.AddFeedExternal -> com.newsblur.activity.AddFeedExternal:
    19:19:void <init>() -> <init>
    49:49:void addFeedStarted() -> addFeedStarted
    26:44:void onCreate(android.os.Bundle) -> onCreate
com.newsblur.activity.AddFeedExternal$$ViewBinder -> com.newsblur.activity.AddFeedExternal$$ViewBinder:
    8:8:void <init>() -> <init>
    8:8:void bind(butterknife.ButterKnife$Finder,java.lang.Object,java.lang.Object) -> bind
    11:14:void bind(butterknife.ButterKnife$Finder,com.newsblur.activity.AddFeedExternal,java.lang.Object) -> bind
    8:8:void unbind(java.lang.Object) -> unbind
    18:19:void unbind(com.newsblur.activity.AddFeedExternal) -> unbind
com.newsblur.activity.AddFeedExternal$1 -> com.newsblur.activity.AddFeedExternal$1:
    49:49:void <init>(com.newsblur.activity.AddFeedExternal) -> <init>
    51:53:void run() -> run
com.newsblur.activity.AddSocial -> com.newsblur.activity.AddSocial:
    14:17:void <init>() -> <init>
    51:53:void onActivityResult(int,int,android.content.Intent) -> onActivityResult
    22:35:void onCreate(android.os.Bundle) -> onCreate
com.newsblur.activity.AddSocial$1 -> com.newsblur.activity.AddSocial$1:
    35:35:void <init>(com.newsblur.activity.AddSocial) -> <init>
    38:40:void onClick(android.view.View) -> onClick
com.newsblur.activity.AddTwitter -> com.newsblur.activity.AddTwitter:
    11:11:void <init>() -> <init>
    18:39:void onCreate(android.os.Bundle) -> onCreate
com.newsblur.activity.AddTwitter$1 -> com.newsblur.activity.AddTwitter$1:
    24:24:void <init>(com.newsblur.activity.AddTwitter) -> <init>
    29:34:boolean shouldOverrideUrlLoading(android.webkit.WebView,java.lang.String) -> shouldOverrideUrlLoading
com.newsblur.activity.AllSharedStoriesItemsList -> com.newsblur.activity.AllSharedStoriesItemsList:
    8:8:void <init>() -> <init>
    12:14:void onCreate(android.os.Bundle) -> onCreate
com.newsblur.activity.AllSharedStoriesReading -> com.newsblur.activity.AllSharedStoriesReading:
    8:8:void <init>() -> <init>
    12:14:void onCreate(android.os.Bundle) -> onCreate
com.newsblur.activity.AllStoriesItemsList -> com.newsblur.activity.AllStoriesItemsList:
    8:8:void <init>() -> <init>
    12:14:void onCreate(android.os.Bundle) -> onCreate
com.newsblur.activity.AllStoriesReading -> com.newsblur.activity.AllStoriesReading:
    8:8:void <init>() -> <init>
    12:15:void onCreate(android.os.Bundle) -> onCreate
com.newsblur.activity.FeedItemsList -> com.newsblur.activity.FeedItemsList:
    16:16:void <init>() -> <init>
    34:35:void deleteFeed() -> deleteFeed
    25:30:void onCreate(android.os.Bundle) -> onCreate
    81:86:boolean onCreateOptionsMenu(android.view.Menu) -> onCreateOptionsMenu
    40:71:boolean onOptionsItemSelected(android.view.MenuItem) -> onOptionsItemSelected
    92:104:boolean onPrepareOptionsMenu(android.view.Menu) -> onPrepareOptionsMenu
com.newsblur.activity.FeedReading -> com.newsblur.activity.FeedReading:
    9:9:void <init>() -> <init>
    13:26:void onCreate(android.os.Bundle) -> onCreate
...
android.arch.lifecycle.ViewModel -> android.arch.lifecycle.ViewModel:
    96:96:void <init>() -> <init>
android.arch.lifecycle.ViewModelProvider -> android.arch.lifecycle.ViewModelProvider:
    77:79:void <init>(android.arch.lifecycle.ViewModelStore,android.arch.lifecycle.ViewModelProvider$Factory) -> <init>
    97:99:android.arch.lifecycle.ViewModel get(java.lang.Class) -> get
    121:134:android.arch.lifecycle.ViewModel get(java.lang.String,java.lang.Class) -> get
android.arch.lifecycle.ViewModelStore -> android.arch.lifecycle.ViewModelStore:
    36:38:void <init>() -> <init>
    56:59:void clear() -> clear
    49:49:android.arch.lifecycle.ViewModel get(java.lang.String) -> get
    41:45:void put(java.lang.String,android.arch.lifecycle.ViewModel) -> put
android.support.v4.app.ActivityCompat -> android.support.v4.app.ActivityCompat:
    168:168:android.support.v4.app.ActivityCompat$PermissionCompatDelegate getPermissionCompatDelegate() -> getPermissionCompatDelegate
    232:235:void startActivityForResult(android.app.Activity,android.content.Intent,int,android.os.Bundle) -> startActivityForResult
android.support.v4.app.BackStackRecord -> android.support.v4.app.BackStackRecord:
    330:331:void <init>(android.support.v4.app.FragmentManagerImpl) -> <init>
    375:375:android.support.v4.app.FragmentTransaction add(android.support.v4.app.Fragment,java.lang.String) -> add
    381:381:android.support.v4.app.FragmentTransaction add(int,android.support.v4.app.Fragment) -> add
    387:387:android.support.v4.app.FragmentTransaction add(int,android.support.v4.app.Fragment,java.lang.String) -> add
    366:370:void addOp(android.support.v4.app.BackStackRecord$Op) -> addOp
    473:473:android.support.v4.app.FragmentTransaction attach(android.support.v4.app.Fragment) -> attach
    592:602:void bumpBackStackNesting(int) -> bumpBackStackNesting
    632:632:int commit() -> commit
    637:637:int commitAllowingStateLoss() -> commitAllowingStateLoss
    664:664:int commitInternal(boolean) -> commitInternal
    648:649:void commitNowAllowingStateLoss() -> commitNowAllowingStateLoss
    466:466:android.support.v4.app.FragmentTransaction detach(android.support.v4.app.Fragment) -> detach
    555:556:android.support.v4.app.FragmentTransaction disallowAddToBackStack() -> disallowAddToBackStack
    392:396:void doAddOp(int,android.support.v4.app.Fragment,java.lang.String,int) -> doAddOp
    249:249:void dump(java.lang.String,java.io.FileDescriptor,java.io.PrintWriter,java.lang.String[]) -> dump
    254:323:void dump(java.lang.String,java.io.PrintWriter,boolean) -> dump
android.support.v4.app.BackStackRecord$Op -> android.support.v4.app.BackStackRecord$Op:
    198:198:void <init>() -> <init>
    201:203:void <init>(int,android.support.v4.app.Fragment) -> <init>
android.support.v4.app.BackStackState -> android.support.v4.app.BackStackState:
    156:156:void <clinit>() -> <clinit>
    46:51:void <init>(android.support.v4.app.BackStackRecord) -> <init>
    77:89:void <init>(android.os.Parcel) -> <init>
    93:131:android.support.v4.app.BackStackRecord instantiate(android.support.v4.app.FragmentManagerImpl) -> instantiate
    142:153:void writeToParcel(android.os.Parcel,int) -> writeToParcel
android.support.v4.app.BackStackState$1 -> android.support.v4.app.BackStackState$1:
    157:157:void <init>() -> <init>
    157:157:java.lang.Object createFromParcel(android.os.Parcel) -> createFromParcel
    160:160:android.support.v4.app.BackStackState createFromParcel(android.os.Parcel) -> createFromParcel
    157:157:java.lang.Object[] newArray(int) -> newArray
    165:165:android.support.v4.app.BackStackState[] newArray(int) -> newArray